This is pdfTeXk, Version 3.1415926-1.40.9 (Web2C 7.5.7) (format=pdflatex 2009.9.29)  20 MAY 2010 13:53
entering extended mode
 %&-line parsing enabled.
**doc.tex
(./doc.tex
LaTeX2e <2005/12/01>
Babel <v3.8l> and hyphenation patterns for english, usenglishmax, dumylang, noh
yphenation, loaded.
(/usr/share/texmf-dist/tex/latex/base/article.cls
Document Class: article 2005/09/16 v1.4f Standard LaTeX document class
(/usr/share/texmf-dist/tex/latex/base/size12.clo
File: size12.clo 2005/09/16 v1.4f Standard LaTeX file (size option)
)
\c@part=\count79
\c@section=\count80
\c@subsection=\count81
\c@subsubsection=\count82
\c@paragraph=\count83
\c@subparagraph=\count84
\c@figure=\count85
\c@table=\count86
\abovecaptionskip=\skip41
\belowcaptionskip=\skip42
\bibindent=\dimen102
) (./sbc-template.sty
Package: sbc-template 2001/06/09

(/usr/share/texmf-dist/tex/latex/geometry/geometry.sty
Package: geometry 2002/07/08 v3.2 Page Geometry

(/usr/share/texmf-dist/tex/latex/graphics/keyval.sty
Package: keyval 1999/03/16 v1.13 key=value parser (DPC)
\KV@toks@=\toks14
)
\Gm@cnth=\count87
\Gm@cntv=\count88
\c@Gm@tempcnt=\count89
\Gm@bindingoffset=\dimen103
\Gm@wd@mp=\dimen104
\Gm@odd@mp=\dimen105
\Gm@even@mp=\dimen106
\Gm@dimlist=\toks15
) (./caption2.sty
Package: caption2 2002/08/03 v2.1 Customising captions (AS)
\captionmargin=\dimen107
\captionwidth=\dimen108
\captionindent=\dimen109
Package caption2 Info: Running in caption2 v2.0 compatibility mode on input lin
e 147.
\captionlinewidth=\dimen110
)
(/usr/share/texmf-dist/tex/latex/psnfss/times.sty
Package: times 2005/04/12 PSNFSS-v9.2a (SPQR) 
)
\c@instn=\count90


! LaTeX Error: File `titlesec.sty' not found.

Type X to quit or <RETURN> to proceed,
or enter new name. (Default extension: sty)

Enter file name: 
! Emergency stop.
<read *> 
         
l.117 \titlelabel
                 {\thetitle.\hspace{1ex}}^^M
*** (cannot \read from terminal in nonstop modes)

 
Here is how much of TeX's memory you used:
 737 strings out of 495069
 9788 string characters out of 1183033
 57710 words of memory out of 3000000
 3986 multiletter control sequences out of 10000+50000
 3938 words of font info for 15 fonts, out of 3000000 for 5000
 28 hyphenation exceptions out of 8191
 30i,0n,21p,167b,36s stack positions out of 5000i,500n,10000p,200000b,50000s
!  ==> Fatal error occurred, no output PDF file produced!
